<?xml version="1.0" encoding="UTF-8"?>
<?xml-stylesheet type="text/xsl" href="ivy-report.xsl"?>
<ivy-report version="1.0">
	<info
		organisation="plugins"
		module="plugins"
		revision="0.1-SNAPSHOT"
		extra-sbtVersion="0.12"
		extra-scalaVersion="2.9.2"
		conf="test"
		confs="compile, runtime, test, provided, optional, compile-internal, runtime-internal, test-internal, plugin, sources, docs, pom"
		date="20121115143318"/>
	<dependencies>
		<module organisation="org.scala-lang" name="scala-compiler">
			<revision name="2.9.2" status="release" pubdate="20120413223159" resolver="sbt-chain" artresolver="sbt-chain" homepage="http://www.scala-lang.org/" downloaded="false" searched="false" default="false" conf="compile, master(*), runtime, compile(*), runtime(*), master" position="25">
				<license name="BSD-like" url="http://www.scala-lang.org/downloads/license.html    "/>
				<metadata-artifact status="no" details="" size="2862" time="0" location="/Users/etorreborre/.ivy2/cache/org.scala-lang/scala-compiler/ivy-2.9.2.xml" searched="false" origin-is-local="false" origin-location="http://repo1.maven.org/maven2/org/scala-lang/scala-compiler/2.9.2/scala-compiler-2.9.2.pom"/>
				<caller organisation="org.scala-lang" name="scalap" conf="compile, runtime" rev="2.9.2" rev-constraint-default="2.9.2" rev-constraint-dynamic="2.9.1" callerrev="2.9.1"/>
				<artifacts>
				</artifacts>
			</revision>
		</module>
		<module organisation="me.lessis" name="ls-sbt">
			<revision name="0.1.2" status="release" pubdate="20120612013649" resolver="sbt-plugin-releases" artresolver="sbt-plugin-releases" homepage="http://ls.implicit.ly/" extra-sbtVersion="0.12" extra-scalaVersion="2.9.2" downloaded="false" searched="false" default="false" conf="default(compile), compile" position="19">
				<license name="MIT" url="https://github.com/softprops/ls/blob/0.1.2/LICENSE"/>
				<metadata-artifact status="no" details="" size="2208" time="0" location="/Users/etorreborre/.ivy2/cache/scala_2.9.2/sbt_0.12/me.lessis/ls-sbt/ivy-0.1.2.xml" searched="false" origin-is-local="false" origin-location="http://scalasbt.artifactoryonline.com/scalasbt/sbt-plugin-releases/me.lessis/ls-sbt/scala_2.9.2/sbt_0.12/0.1.2/ivys/ivy.xml"/>
				<caller organisation="plugins" name="plugins" conf="test, compile, runtime" rev="0.1.2" rev-constraint-default="0.1.2" rev-constraint-dynamic="0.1.2" callerrev="0.1-SNAPSHOT" extra-sbtVersion="0.12" extra-scalaVersion="2.9.2"/>
				<artifacts>
					<artifact name="ls-sbt" type="jar" ext="jar" status="no" details="" size="173964" time="0" location="/Users/etorreborre/.ivy2/cache/scala_2.9.2/sbt_0.12/me.lessis/ls-sbt/jars/ls-sbt-0.1.2.jar">
						<origin-location is-local="false" location="http://scalasbt.artifactoryonline.com/scalasbt/sbt-plugin-releases/me.lessis/ls-sbt/scala_2.9.2/sbt_0.12/0.1.2/jars/ls-sbt.jar"/>
					</artifact>
				</artifacts>
			</revision>
		</module>
		<module organisation="me.lessis" name="ls_2.9.2">
			<revision name="0.1.2" status="release" pubdate="20120612152940" resolver="sbt-chain" artresolver="sbt-chain" homepage="http://ls.implicit.ly/" downloaded="false" searched="false" default="false" conf="default(compile), default, compile, runtime, master" position="26">
				<license name="MIT" url="https://github.com/softprops/ls/blob/0.1.2/LICENSE"/>
				<metadata-artifact status="no" details="" size="2629" time="0" location="/Users/etorreborre/.ivy2/cache/me.lessis/ls_2.9.2/ivy-0.1.2.xml" searched="false" origin-is-local="false" origin-location="https://oss.sonatype.org/content/repositories/releases/me/lessis/ls_2.9.2/0.1.2/ls_2.9.2-0.1.2.pom"/>
				<caller organisation="me.lessis" name="ls-sbt" conf="compile" rev="0.1.2" rev-constraint-default="0.1.2" rev-constraint-dynamic="0.1.2" callerrev="0.1.2"/>
				<artifacts>
					<artifact name="ls_2.9.2" type="jar" ext="jar" status="no" details="" size="63085" time="0" location="/Users/etorreborre/.ivy2/cache/me.lessis/ls_2.9.2/jars/ls_2.9.2-0.1.2.jar">
						<origin-location is-local="false" location="https://oss.sonatype.org/content/repositories/releases/me/lessis/ls_2.9.2/0.1.2/ls_2.9.2-0.1.2.jar"/>
					</artifact>
				</artifacts>
			</revision>
		</module>
		<module organisation="net.databinder" name="dispatch-http_2.9.2">
			<revision name="0.8.8" status="release" pubdate="20120414023710" resolver="sbt-chain" artresolver="sbt-chain" homepage="http://dispatch.databinder.net/" downloaded="false" searched="false" default="false" conf="compile, master(*), runtime, compile(*), runtime(*), master" position="27">
				<license name="LGPL v3" url="http://www.gnu.org/licenses/lgpl.txt"/>
				<metadata-artifact status="no" details="" size="3127" time="0" location="/Users/etorreborre/.ivy2/cache/net.databinder/dispatch-http_2.9.2/ivy-0.8.8.xml" searched="false" origin-is-local="false" origin-location="https://oss.sonatype.org/content/repositories/releases/net/databinder/dispatch-http_2.9.2/0.8.8/dispatch-http_2.9.2-0.8.8.pom"/>
				<caller organisation="me.lessis" name="ls_2.9.2" conf="default, compile, runtime, master" rev="0.8.8" rev-constraint-default="0.8.8" rev-constraint-dynamic="0.8.8" callerrev="0.1.2"/>
				<artifacts>
					<artifact name="dispatch-http_2.9.2" type="jar" ext="jar" status="no" details="" size="32585" time="0" location="/Users/etorreborre/.ivy2/cache/net.databinder/dispatch-http_2.9.2/jars/dispatch-http_2.9.2-0.8.8.jar">
						<origin-location is-local="false" location="https://oss.sonatype.org/content/repositories/releases/net/databinder/dispatch-http_2.9.2/0.8.8/dispatch-http_2.9.2-0.8.8.jar"/>
					</artifact>
				</artifacts>
			</revision>
		</module>
		<module organisation="net.databinder" name="dispatch-futures_2.9.2">
			<revision name="0.8.8" status="release" pubdate="20120414023511" resolver="sbt-chain" artresolver="sbt-chain" homepage="http://dispatch.databinder.net/" downloaded="false" searched="false" default="false" conf="compile, master(*), runtime, compile(*), runtime(*), master" position="31">
				<license name="LGPL v3" url="http://www.gnu.org/licenses/lgpl.txt"/>
				<metadata-artifact status="no" details="" size="2679" time="0" location="/Users/etorreborre/.ivy2/cache/net.databinder/dispatch-futures_2.9.2/ivy-0.8.8.xml" searched="false" origin-is-local="false" origin-location="https://oss.sonatype.org/content/repositories/releases/net/databinder/dispatch-futures_2.9.2/0.8.8/dispatch-futures_2.9.2-0.8.8.pom"/>
				<caller organisation="net.databinder" name="dispatch-http_2.9.2" conf="compile, runtime" rev="0.8.8" rev-constraint-default="0.8.8" rev-constraint-dynamic="0.8.8" callerrev="0.8.8"/>
				<artifacts>
					<artifact name="dispatch-futures_2.9.2" type="jar" ext="jar" status="no" details="" size="13270" time="0" location="/Users/etorreborre/.ivy2/cache/net.databinder/dispatch-futures_2.9.2/jars/dispatch-futures_2.9.2-0.8.8.jar">
						<origin-location is-local="false" location="https://oss.sonatype.org/content/repositories/releases/net/databinder/dispatch-futures_2.9.2/0.8.8/dispatch-futures_2.9.2-0.8.8.jar"/>
					</artifact>
				</artifacts>
			</revision>
		</module>
		<module organisation="net.databinder" name="dispatch-core_2.9.2">
			<revision name="0.8.8" status="release" pubdate="20120414023553" resolver="sbt-chain" artresolver="sbt-chain" homepage="http://dispatch.databinder.net/" downloaded="false" searched="false" default="false" conf="compile, master(*), runtime, compile(*), runtime(*), master" position="28">
				<license name="LGPL v3" url="http://www.gnu.org/licenses/lgpl.txt"/>
				<metadata-artifact status="no" details="" size="2847" time="0" location="/Users/etorreborre/.ivy2/cache/net.databinder/dispatch-core_2.9.2/ivy-0.8.8.xml" searched="false" origin-is-local="false" origin-location="https://oss.sonatype.org/content/repositories/releases/net/databinder/dispatch-core_2.9.2/0.8.8/dispatch-core_2.9.2-0.8.8.pom"/>
				<caller organisation="net.databinder" name="dispatch-http_2.9.2" conf="compile, runtime" rev="0.8.8" rev-constraint-default="0.8.8" rev-constraint-dynamic="0.8.8" callerrev="0.8.8"/>
				<artifacts>
					<artifact name="dispatch-core_2.9.2" type="jar" ext="jar" status="no" details="" size="123095" time="0" location="/Users/etorreborre/.ivy2/cache/net.databinder/dispatch-core_2.9.2/jars/dispatch-core_2.9.2-0.8.8.jar">
						<origin-location is-local="false" location="https://oss.sonatype.org/content/repositories/releases/net/databinder/dispatch-core_2.9.2/0.8.8/dispatch-core_2.9.2-0.8.8.jar"/>
					</artifact>
				</artifacts>
			</revision>
		</module>
		<module organisation="org.apache.httpcomponents" name="httpclient">
			<revision name="4.1.3" status="release" pubdate="20120202231519" resolver="public" artresolver="public" homepage="http://hc.apache.org/httpcomponents-client" downloaded="false" searched="false" default="false" conf="compile, master(*), runtime, compile(*), runtime(*), master" position="29">
				<metadata-artifact status="no" details="" size="6531" time="0" location="/Users/etorreborre/.ivy2/cache/org.apache.httpcomponents/httpclient/ivy-4.1.3.xml" searched="false" origin-is-local="false" origin-location="http://repo1.maven.org/maven2/org/apache/httpcomponents/httpclient/4.1.3/httpclient-4.1.3.pom"/>
				<caller organisation="net.databinder" name="dispatch-futures_2.9.1" conf="compile, runtime" rev="4.1.2" rev-constraint-default="4.1.2" rev-constraint-dynamic="4.1.2" callerrev="0.8.6"/>
				<caller organisation="net.databinder" name="dispatch-core_2.9.2" conf="compile, runtime" rev="4.1.3" rev-constraint-default="4.1.3" rev-constraint-dynamic="4.1.3" callerrev="0.8.8"/>
				<caller organisation="net.databinder" name="dispatch-core_2.9.1" conf="compile, runtime" rev="4.1.2" rev-constraint-default="4.1.2" rev-constraint-dynamic="4.1.2" callerrev="0.8.6"/>
				<caller organisation="net.databinder" name="dispatch-http_2.9.1" conf="compile, runtime" rev="4.1.2" rev-constraint-default="4.1.2" rev-constraint-dynamic="4.1.2" callerrev="0.8.6"/>
				<caller organisation="net.databinder" name="dispatch-http_2.9.2" conf="compile, runtime" rev="4.1.3" rev-constraint-default="4.1.3" rev-constraint-dynamic="4.1.3" callerrev="0.8.8"/>
				<artifacts>
					<artifact name="httpclient" type="jar" ext="jar" status="no" details="" size="352585" time="0" location="/Users/etorreborre/.ivy2/cache/org.apache.httpcomponents/httpclient/jars/httpclient-4.1.3.jar">
						<origin-location is-local="false" location="http://repo1.maven.org/maven2/org/apache/httpcomponents/httpclient/4.1.3/httpclient-4.1.3.jar"/>
					</artifact>
				</artifacts>
			</revision>
			<revision name="4.1.2" status="release" pubdate="20110730080203" resolver="sbt-chain" artresolver="sbt-chain" evicted="latest-revision" evicted-reason="" homepage="http://hc.apache.org/httpcomponents-client" downloaded="false" searched="false" default="false" conf="compile, master(*), runtime, compile(*), runtime(*), master" position="-1">
				<metadata-artifact status="no" details="" size="5573" time="0" location="/Users/etorreborre/.ivy2/cache/org.apache.httpcomponents/httpclient/ivy-4.1.2.xml" searched="false" origin-is-local="false" origin-location="http://repo1.maven.org/maven2/org/apache/httpcomponents/httpclient/4.1.2/httpclient-4.1.2.pom"/>
				<evicted-by rev="4.1.3"/>
				<caller organisation="net.databinder" name="dispatch-futures_2.9.1" conf="compile, runtime" rev="4.1.2" rev-constraint-default="4.1.2" rev-constraint-dynamic="4.1.2" callerrev="0.8.6"/>
				<caller organisation="net.databinder" name="dispatch-core_2.9.1" conf="compile, runtime" rev="4.1.2" rev-constraint-default="4.1.2" rev-constraint-dynamic="4.1.2" callerrev="0.8.6"/>
				<caller organisation="net.databinder" name="dispatch-http_2.9.1" conf="compile, runtime" rev="4.1.2" rev-constraint-default="4.1.2" rev-constraint-dynamic="4.1.2" callerrev="0.8.6"/>
				<artifacts>
				</artifacts>
			</revision>
		</module>
		<module organisation="org.apache.httpcomponents" name="httpcore">
			<revision name="4.1.4" status="release" pubdate="20111219033741" resolver="public" artresolver="public" homepage="http://hc.apache.org/httpcomponents-core-ga" downloaded="false" searched="false" default="false" conf="compile, master(*), runtime, compile(*), runtime(*), master" position="30">
				<metadata-artifact status="no" details="" size="5633" time="0" location="/Users/etorreborre/.ivy2/cache/org.apache.httpcomponents/httpcore/ivy-4.1.4.xml" searched="false" origin-is-local="false" origin-location="http://repo1.maven.org/maven2/org/apache/httpcomponents/httpcore/4.1.4/httpcore-4.1.4.pom"/>
				<caller organisation="org.apache.httpcomponents" name="httpclient" conf="compile, runtime" rev="4.1.2" rev-constraint-default="4.1.2" rev-constraint-dynamic="4.1.2" callerrev="4.1.2"/>
				<caller organisation="org.apache.httpcomponents" name="httpclient" conf="compile, runtime" rev="4.1.4" rev-constraint-default="4.1.4" rev-constraint-dynamic="4.1.4" callerrev="4.1.3"/>
				<artifacts>
					<artifact name="httpcore" type="jar" ext="jar" status="no" details="" size="181410" time="0" location="/Users/etorreborre/.ivy2/cache/org.apache.httpcomponents/httpcore/jars/httpcore-4.1.4.jar">
						<origin-location is-local="false" location="http://repo1.maven.org/maven2/org/apache/httpcomponents/httpcore/4.1.4/httpcore-4.1.4.jar"/>
					</artifact>
				</artifacts>
			</revision>
			<revision name="4.1.2" status="release" pubdate="20110710210325" resolver="sbt-chain" artresolver="sbt-chain" evicted="latest-revision" evicted-reason="" homepage="http://hc.apache.org/httpcomponents-core-ga" downloaded="false" searched="false" default="false" conf="compile, master(*), runtime, compile(*), runtime(*), master" position="-1">
				<metadata-artifact status="no" details="" size="4675" time="0" location="/Users/etorreborre/.ivy2/cache/org.apache.httpcomponents/httpcore/ivy-4.1.2.xml" searched="false" origin-is-local="false" origin-location="http://repo1.maven.org/maven2/org/apache/httpcomponents/httpcore/4.1.2/httpcore-4.1.2.pom"/>
				<evicted-by rev="4.1.4"/>
				<caller organisation="org.apache.httpcomponents" name="httpclient" conf="compile, runtime" rev="4.1.2" rev-constraint-default="4.1.2" rev-constraint-dynamic="4.1.2" callerrev="4.1.2"/>
				<artifacts>
				</artifacts>
			</revision>
		</module>
		<module organisation="net.liftweb" name="lift-json_2.9.1">
			<revision name="2.4" status="release" pubdate="20120101233738" resolver="sbt-chain" artresolver="sbt-chain" homepage="http://www.liftweb.net" downloaded="false" searched="false" default="false" conf="default(compile), default, compile, runtime, master" position="22">
				<license name="Apache License, Version 2.0" url="http://www.apache.org/licenses/LICENSE-2.0.txt"/>
				<metadata-artifact status="no" details="" size="3027" time="0" location="/Users/etorreborre/.ivy2/cache/net.liftweb/lift-json_2.9.1/ivy-2.4.xml" searched="false" origin-is-local="false" origin-location="https://oss.sonatype.org/content/repositories/releases/net/liftweb/lift-json_2.9.1/2.4/lift-json_2.9.1-2.4.pom"/>
				<caller organisation="me.lessis" name="ls-sbt" conf="compile" rev="2.4" rev-constraint-default="2.4" rev-constraint-dynamic="2.4" callerrev="0.1.2"/>
				<artifacts>
					<artifact name="lift-json_2.9.1" type="jar" ext="jar" status="no" details="" size="450627" time="0" location="/Users/etorreborre/.ivy2/cache/net.liftweb/lift-json_2.9.1/jars/lift-json_2.9.1-2.4.jar">
						<origin-location is-local="false" location="https://oss.sonatype.org/content/repositories/releases/net/liftweb/lift-json_2.9.1/2.4/lift-json_2.9.1-2.4.jar"/>
					</artifact>
				</artifacts>
			</revision>
		</module>
		<module organisation="org.scala-lang" name="scalap">
			<revision name="2.9.1" status="release" pubdate="20110831184129" resolver="sbt-chain" artresolver="sbt-chain" homepage="http://www.scala-lang.org/" downloaded="false" searched="false" default="false" conf="compile, master(*), runtime, compile(*), runtime(*), master" position="24">
				<license name="BSD-like" url="http://www.scala-lang.org/downloads/license.html    "/>
				<metadata-artifact status="no" details="" size="2566" time="0" location="/Users/etorreborre/.ivy2/cache/org.scala-lang/scalap/ivy-2.9.1.xml" searched="false" origin-is-local="false" origin-location="http://repo1.maven.org/maven2/org/scala-lang/scalap/2.9.1/scalap-2.9.1.pom"/>
				<caller organisation="net.liftweb" name="lift-json_2.9.1" conf="default, compile, runtime, master" rev="2.9.1" rev-constraint-default="2.9.1" rev-constraint-dynamic="2.9.1" callerrev="2.4"/>
				<artifacts>
					<artifact name="scalap" type="jar" ext="jar" status="no" details="" size="841814" time="0" location="/Users/etorreborre/.ivy2/cache/org.scala-lang/scalap/jars/scalap-2.9.1.jar">
						<origin-location is-local="false" location="https://oss.sonatype.org/content/repositories/releases/org/scala-lang/scalap/2.9.1/scalap-2.9.1.jar"/>
					</artifact>
				</artifacts>
			</revision>
		</module>
		<module organisation="com.thoughtworks.paranamer" name="paranamer">
			<revision name="2.3" status="release" pubdate="20101020001431" resolver="public" artresolver="public" homepage="" downloaded="false" searched="false" default="false" conf="compile, master(*), runtime, compile(*), runtime(*), master" position="23">
				<metadata-artifact status="no" details="" size="3340" time="0" location="/Users/etorreborre/.ivy2/cache/com.thoughtworks.paranamer/paranamer/ivy-2.3.xml" searched="false" origin-is-local="false" origin-location="http://repo1.maven.org/maven2/com/thoughtworks/paranamer/paranamer/2.3/paranamer-2.3.pom"/>
				<caller organisation="net.liftweb" name="lift-json_2.9.1" conf="default, compile, runtime, master" rev="2.3" rev-constraint-default="2.3" rev-constraint-dynamic="2.3" callerrev="2.4"/>
				<artifacts>
					<artifact name="paranamer" type="jar" ext="jar" status="no" details="" size="29555" time="0" location="/Users/etorreborre/.ivy2/cache/com.thoughtworks.paranamer/paranamer/jars/paranamer-2.3.jar">
						<origin-location is-local="false" location="http://repo1.maven.org/maven2/com/thoughtworks/paranamer/paranamer/2.3/paranamer-2.3.jar"/>
					</artifact>
				</artifacts>
			</revision>
		</module>
		<module organisation="me.lessis" name="pj_2.9.2">
			<revision name="0.1.0" status="release" pubdate="20120610045138" resolver="sbt-chain" artresolver="sbt-chain" homepage="https://github.com/softprops/pj/#readme" downloaded="false" searched="false" default="false" conf="default(compile), default, compile, runtime, master" position="20">
				<license name="MIT" url="https://github.com/softprops/pj/blob/0.1.0/LICENSE"/>
				<metadata-artifact status="no" details="" size="2672" time="0" location="/Users/etorreborre/.ivy2/cache/me.lessis/pj_2.9.2/ivy-0.1.0.xml" searched="false" origin-is-local="false" origin-location="https://oss.sonatype.org/content/repositories/releases/me/lessis/pj_2.9.2/0.1.0/pj_2.9.2-0.1.0.pom"/>
				<caller organisation="me.lessis" name="ls-sbt" conf="compile" rev="0.1.0" rev-constraint-default="0.1.0" rev-constraint-dynamic="0.1.0" callerrev="0.1.2"/>
				<artifacts>
					<artifact name="pj_2.9.2" type="jar" ext="jar" status="no" details="" size="11579" time="0" location="/Users/etorreborre/.ivy2/cache/me.lessis/pj_2.9.2/jars/pj_2.9.2-0.1.0.jar">
						<origin-location is-local="false" location="https://oss.sonatype.org/content/repositories/releases/me/lessis/pj_2.9.2/0.1.0/pj_2.9.2-0.1.0.jar"/>
					</artifact>
				</artifacts>
			</revision>
		</module>
		<module organisation="org.codehaus.jackson" name="jackson-core-asl">
			<revision name="1.9.0" status="release" pubdate="20111005115756" resolver="public" artresolver="public" homepage="http://jackson.codehaus.org" downloaded="false" searched="false" default="false" conf="compile, master(*), runtime, compile(*), runtime(*), master" position="21">
				<license name="The Apache Software License, Version 2.0" url="http://www.apache.org/licenses/LICENSE-2.0.txt"/>
				<metadata-artifact status="no" details="" size="2437" time="0" location="/Users/etorreborre/.ivy2/cache/org.codehaus.jackson/jackson-core-asl/ivy-1.9.0.xml" searched="false" origin-is-local="false" origin-location="http://repo1.maven.org/maven2/org/codehaus/jackson/jackson-core-asl/1.9.0/jackson-core-asl-1.9.0.pom"/>
				<caller organisation="me.lessis" name="pj_2.9.2" conf="default, compile, runtime, master" rev="1.9.0" rev-constraint-default="1.9.0" rev-constraint-dynamic="1.9.0" callerrev="0.1.0"/>
				<artifacts>
					<artifact name="jackson-core-asl" type="jar" ext="jar" status="no" details="" size="228286" time="0" location="/Users/etorreborre/.ivy2/cache/org.codehaus.jackson/jackson-core-asl/jars/jackson-core-asl-1.9.0.jar">
						<origin-location is-local="false" location="http://repo1.maven.org/maven2/org/codehaus/jackson/jackson-core-asl/1.9.0/jackson-core-asl-1.9.0.jar"/>
					</artifact>
				</artifacts>
			</revision>
		</module>
		<module organisation="com.jsuereth" name="xsbt-gpg-plugin">
			<revision name="0.6" status="release" pubdate="20120607074423" resolver="sbt-plugin-releases" artresolver="sbt-plugin-releases" extra-sbtVersion="0.12" extra-scalaVersion="2.9.2" downloaded="false" searched="false" default="false" conf="default(compile), compile" position="9">
				<metadata-artifact status="no" details="" size="2061" time="0" location="/Users/etorreborre/.ivy2/cache/scala_2.9.2/sbt_0.12/com.jsuereth/xsbt-gpg-plugin/ivy-0.6.xml" searched="false" origin-is-local="false" origin-location="http://scalasbt.artifactoryonline.com/scalasbt/sbt-plugin-releases/com.jsuereth/xsbt-gpg-plugin/scala_2.9.2/sbt_0.12/0.6/ivys/ivy.xml"/>
				<caller organisation="plugins" name="plugins" conf="test, compile, runtime" rev="0.6" rev-constraint-default="0.6" rev-constraint-dynamic="0.6" callerrev="0.1-SNAPSHOT" extra-sbtVersion="0.12" extra-scalaVersion="2.9.2"/>
				<artifacts>
					<artifact name="xsbt-gpg-plugin" type="jar" ext="jar" status="no" details="" size="255609" time="0" location="/Users/etorreborre/.ivy2/cache/scala_2.9.2/sbt_0.12/com.jsuereth/xsbt-gpg-plugin/jars/xsbt-gpg-plugin-0.6.jar">
						<origin-location is-local="false" location="http://scalasbt.artifactoryonline.com/scalasbt/sbt-plugin-releases/com.jsuereth/xsbt-gpg-plugin/scala_2.9.2/sbt_0.12/0.6/jars/xsbt-gpg-plugin.jar"/>
					</artifact>
				</artifacts>
			</revision>
		</module>
		<module organisation="com.jsuereth" name="gpg-library_2.9.2">
			<revision name="0.6" status="release" pubdate="20120426014912" resolver="sbt-chain" artresolver="sbt-chain" homepage="http://scala-sbt.org/xsbt-gpg-plugin/" downloaded="false" searched="false" default="false" conf="default(compile), default, compile, runtime, master" position="10">
				<license name="BSD" url="ttp://www.opensource.org/licenses/bsd-license.php"/>
				<metadata-artifact status="no" details="" size="2809" time="0" location="/Users/etorreborre/.ivy2/cache/com.jsuereth/gpg-library_2.9.2/ivy-0.6.xml" searched="false" origin-is-local="false" origin-location="https://oss.sonatype.org/content/repositories/releases/com/jsuereth/gpg-library_2.9.2/0.6/gpg-library_2.9.2-0.6.pom"/>
				<caller organisation="com.jsuereth" name="xsbt-gpg-plugin" conf="compile" rev="0.6" rev-constraint-default="0.6" rev-constraint-dynamic="0.6" callerrev="0.6"/>
				<artifacts>
					<artifact name="gpg-library_2.9.2" type="jar" ext="jar" status="no" details="" size="218370" time="0" location="/Users/etorreborre/.ivy2/cache/com.jsuereth/gpg-library_2.9.2/jars/gpg-library_2.9.2-0.6.jar">
						<origin-location is-local="false" location="https://oss.sonatype.org/content/repositories/releases/com/jsuereth/gpg-library_2.9.2/0.6/gpg-library_2.9.2-0.6.jar"/>
					</artifact>
				</artifacts>
			</revision>
		</module>
		<module organisation="net.databinder" name="dispatch-http_2.9.1">
			<revision name="0.8.6" status="release" pubdate="20111030083759" resolver="sbt-chain" artresolver="sbt-chain" homepage="" downloaded="false" searched="false" default="false" conf="default(compile), default, compile, master(*), runtime, compile(*), runtime(*), master" position="14">
				<metadata-artifact status="no" details="" size="2984" time="0" location="/Users/etorreborre/.ivy2/cache/net.databinder/dispatch-http_2.9.1/ivy-0.8.6.xml" searched="false" origin-is-local="false" origin-location="https://oss.sonatype.org/content/repositories/releases/net/databinder/dispatch-http_2.9.1/0.8.6/dispatch-http_2.9.1-0.8.6.pom"/>
				<caller organisation="com.jsuereth" name="gpg-library_2.9.2" conf="default, compile, runtime, master" rev="0.8.6" rev-constraint-default="0.8.6" rev-constraint-dynamic="0.8.6" callerrev="0.6"/>
				<caller organisation="com.jsuereth" name="xsbt-gpg-plugin" conf="compile" rev="0.8.6" rev-constraint-default="0.8.6" rev-constraint-dynamic="0.8.6" callerrev="0.6"/>
				<artifacts>
					<artifact name="dispatch-http_2.9.1" type="jar" ext="jar" status="no" details="" size="32576" time="0" location="/Users/etorreborre/.ivy2/cache/net.databinder/dispatch-http_2.9.1/jars/dispatch-http_2.9.1-0.8.6.jar">
						<origin-location is-local="false" location="https://oss.sonatype.org/content/repositories/releases/net/databinder/dispatch-http_2.9.1/0.8.6/dispatch-http_2.9.1-0.8.6.jar"/>
					</artifact>
				</artifacts>
			</revision>
		</module>
		<module organisation="net.databinder" name="dispatch-futures_2.9.1">
			<revision name="0.8.6" status="release" pubdate="20111030083732" resolver="sbt-chain" artresolver="sbt-chain" homepage="" downloaded="false" searched="false" default="false" conf="compile, master(*), runtime, compile(*), runtime(*), master" position="18">
				<metadata-artifact status="no" details="" size="2698" time="0" location="/Users/etorreborre/.ivy2/cache/net.databinder/dispatch-futures_2.9.1/ivy-0.8.6.xml" searched="false" origin-is-local="false" origin-location="https://oss.sonatype.org/content/repositories/releases/net/databinder/dispatch-futures_2.9.1/0.8.6/dispatch-futures_2.9.1-0.8.6.pom"/>
				<caller organisation="net.databinder" name="dispatch-http_2.9.1" conf="compile, runtime" rev="0.8.6" rev-constraint-default="0.8.6" rev-constraint-dynamic="0.8.6" callerrev="0.8.6"/>
				<artifacts>
					<artifact name="dispatch-futures_2.9.1" type="jar" ext="jar" status="no" details="" size="13279" time="0" location="/Users/etorreborre/.ivy2/cache/net.databinder/dispatch-futures_2.9.1/jars/dispatch-futures_2.9.1-0.8.6.jar">
						<origin-location is-local="false" location="https://oss.sonatype.org/content/repositories/releases/net/databinder/dispatch-futures_2.9.1/0.8.6/dispatch-futures_2.9.1-0.8.6.jar"/>
					</artifact>
				</artifacts>
			</revision>
		</module>
		<module organisation="net.databinder" name="dispatch-core_2.9.1">
			<revision name="0.8.6" status="release" pubdate="20111030083746" resolver="sbt-chain" artresolver="sbt-chain" homepage="" downloaded="false" searched="false" default="false" conf="compile, master(*), runtime, compile(*), runtime(*), master" position="15">
				<metadata-artifact status="no" details="" size="2689" time="0" location="/Users/etorreborre/.ivy2/cache/net.databinder/dispatch-core_2.9.1/ivy-0.8.6.xml" searched="false" origin-is-local="false" origin-location="https://oss.sonatype.org/content/repositories/releases/net/databinder/dispatch-core_2.9.1/0.8.6/dispatch-core_2.9.1-0.8.6.pom"/>
				<caller organisation="net.databinder" name="dispatch-http_2.9.1" conf="compile, runtime" rev="0.8.6" rev-constraint-default="0.8.6" rev-constraint-dynamic="0.8.6" callerrev="0.8.6"/>
				<artifacts>
					<artifact name="dispatch-core_2.9.1" type="jar" ext="jar" status="no" details="" size="119176" time="0" location="/Users/etorreborre/.ivy2/cache/net.databinder/dispatch-core_2.9.1/jars/dispatch-core_2.9.1-0.8.6.jar">
						<origin-location is-local="false" location="https://oss.sonatype.org/content/repositories/releases/net/databinder/dispatch-core_2.9.1/0.8.6/dispatch-core_2.9.1-0.8.6.jar"/>
					</artifact>
				</artifacts>
			</revision>
		</module>
		<module organisation="commons-codec" name="commons-codec">
			<revision name="1.4" status="release" pubdate="20090810072217" resolver="sbt-chain" artresolver="sbt-chain" homepage="http://commons.apache.org/codec/" downloaded="false" searched="false" default="false" conf="compile, master(*), runtime, compile(*), runtime(*), master" position="17">
				<metadata-artifact status="no" details="" size="4984" time="0" location="/Users/etorreborre/.ivy2/cache/commons-codec/commons-codec/ivy-1.4.xml" searched="false" origin-is-local="false" origin-location="http://repo1.maven.org/maven2/commons-codec/commons-codec/1.4/commons-codec-1.4.pom"/>
				<caller organisation="org.apache.httpcomponents" name="httpclient" conf="compile, runtime" rev="1.4" rev-constraint-default="1.4" rev-constraint-dynamic="1.4" callerrev="4.1.2"/>
				<caller organisation="org.apache.httpcomponents" name="httpclient" conf="compile, runtime" rev="1.4" rev-constraint-default="1.4" rev-constraint-dynamic="1.4" callerrev="4.1.3"/>
				<artifacts>
					<artifact name="commons-codec" type="jar" ext="jar" status="no" details="" size="58160" time="0" location="/Users/etorreborre/.ivy2/cache/commons-codec/commons-codec/jars/commons-codec-1.4.jar">
						<origin-location is-local="false" location="http://repo1.maven.org/maven2/commons-codec/commons-codec/1.4/commons-codec-1.4.jar"/>
					</artifact>
				</artifacts>
			</revision>
		</module>
		<module organisation="commons-logging" name="commons-logging">
			<revision name="1.1.1" status="release" pubdate="20071127072410" resolver="sbt-chain" artresolver="sbt-chain" homepage="http://commons.apache.org/logging" downloaded="false" searched="false" default="false" conf="compile, master(*), runtime, compile(*), runtime(*), master" position="16">
				<metadata-artifact status="no" details="" size="3941" time="0" location="/Users/etorreborre/.ivy2/cache/commons-logging/commons-logging/ivy-1.1.1.xml" searched="false" origin-is-local="false" origin-location="http://repo1.maven.org/maven2/commons-logging/commons-logging/1.1.1/commons-logging-1.1.1.pom"/>
				<caller organisation="org.apache.httpcomponents" name="httpclient" conf="compile, runtime" rev="1.1.1" rev-constraint-default="1.1.1" rev-constraint-dynamic="1.1.1" callerrev="4.1.2"/>
				<caller organisation="org.apache.httpcomponents" name="httpclient" conf="compile, runtime" rev="1.1.1" rev-constraint-default="1.1.1" rev-constraint-dynamic="1.1.1" callerrev="4.1.3"/>
				<artifacts>
					<artifact name="commons-logging" type="jar" ext="jar" status="no" details="" size="60686" time="0" location="/Users/etorreborre/.ivy2/cache/commons-logging/commons-logging/jars/commons-logging-1.1.1.jar">
						<origin-location is-local="false" location="http://repo1.maven.org/maven2/commons-logging/commons-logging/1.1.1/commons-logging-1.1.1.jar"/>
					</artifact>
				</artifacts>
			</revision>
		</module>
		<module organisation="org.bouncycastle" name="bcpg-jdk16">
			<revision name="1.46" status="release" pubdate="20110223151039" resolver="public" artresolver="public" homepage="http://www.bouncycastle.org/java.html" downloaded="false" searched="false" default="false" conf="compile, master(*), runtime, compile(*), runtime(*), master" position="12">
				<license name="Bouncy Castle Licence" url="http://www.bouncycastle.org/licence.html"/>
				<license name="Apache Software License, Version 1.1" url="http://www.apache.org/licenses/LICENSE-1.1"/>
				<metadata-artifact status="no" details="" size="2856" time="0" location="/Users/etorreborre/.ivy2/cache/org.bouncycastle/bcpg-jdk16/ivy-1.46.xml" searched="false" origin-is-local="false" origin-location="http://repo1.maven.org/maven2/org/bouncycastle/bcpg-jdk16/1.46/bcpg-jdk16-1.46.pom"/>
				<caller organisation="com.jsuereth" name="gpg-library_2.9.2" conf="default, compile, runtime, master" rev="1.46" rev-constraint-default="1.46" rev-constraint-dynamic="1.46" callerrev="0.6"/>
				<artifacts>
					<artifact name="bcpg-jdk16" type="jar" ext="jar" status="no" details="" size="174074" time="0" location="/Users/etorreborre/.ivy2/cache/org.bouncycastle/bcpg-jdk16/jars/bcpg-jdk16-1.46.jar">
						<origin-location is-local="false" location="http://repo1.maven.org/maven2/org/bouncycastle/bcpg-jdk16/1.46/bcpg-jdk16-1.46.jar"/>
					</artifact>
				</artifacts>
			</revision>
		</module>
		<module organisation="org.bouncycastle" name="bcprov-jdk16">
			<revision name="1.46" status="release" pubdate="20110223150414" resolver="public" artresolver="public" homepage="http://www.bouncycastle.org/java.html" downloaded="false" searched="false" default="false" conf="compile, master(*), runtime, compile(*), runtime(*), master" position="13">
				<license name="Bouncy Castle Licence" url="http://www.bouncycastle.org/licence.html"/>
				<metadata-artifact status="no" details="" size="2535" time="0" location="/Users/etorreborre/.ivy2/cache/org.bouncycastle/bcprov-jdk16/ivy-1.46.xml" searched="false" origin-is-local="false" origin-location="http://repo1.maven.org/maven2/org/bouncycastle/bcprov-jdk16/1.46/bcprov-jdk16-1.46.pom"/>
				<caller organisation="org.bouncycastle" name="bcpg-jdk16" conf="compile, runtime" rev="1.46" rev-constraint-default="1.46" rev-constraint-dynamic="1.46" callerrev="1.46"/>
				<artifacts>
					<artifact name="bcprov-jdk16" type="jar" ext="jar" status="no" details="" size="1876535" time="0" location="/Users/etorreborre/.ivy2/cache/org.bouncycastle/bcprov-jdk16/jars/bcprov-jdk16-1.46.jar">
						<origin-location is-local="false" location="http://repo1.maven.org/maven2/org/bouncycastle/bcprov-jdk16/1.46/bcprov-jdk16-1.46.jar"/>
					</artifact>
				</artifacts>
			</revision>
		</module>
		<module organisation="com.jsuereth" name="sbt-ghpages-plugin">
			<revision name="0.4.0" status="integration" pubdate="20121115143318" resolver="inter-project" artresolver="inter-project" extra-sbtVersion="0.12" extra-scalaVersion="2.9.2" downloaded="false" searched="false" default="false" conf="default(compile), compile" position="0">
				<metadata-artifact status="failed" details="" size="0" time="0" searched="false"/>
				<caller organisation="plugins" name="plugins" conf="test, compile, runtime" rev="0.4.0" rev-constraint-default="0.4.0" rev-constraint-dynamic="0.4.0" callerrev="0.1-SNAPSHOT" extra-sbtVersion="0.12" extra-scalaVersion="2.9.2"/>
				<artifacts>
				</artifacts>
			</revision>
		</module>
		<module organisation="com.jsuereth" name="sbt-site-plugin">
			<revision name="0.4.0" status="release" pubdate="20120607081449" resolver="sbt-plugin-releases" artresolver="sbt-plugin-releases" extra-sbtVersion="0.12" extra-scalaVersion="2.9.2" downloaded="false" searched="false" default="false" conf="default(compile), compile" position="8">
				<metadata-artifact status="no" details="" size="1820" time="0" location="/Users/etorreborre/.ivy2/cache/scala_2.9.2/sbt_0.12/com.jsuereth/sbt-site-plugin/ivy-0.4.0.xml" searched="false" origin-is-local="false" origin-location="http://scalasbt.artifactoryonline.com/scalasbt/sbt-plugin-releases/com.jsuereth/sbt-site-plugin/scala_2.9.2/sbt_0.12/0.4.0/ivys/ivy.xml"/>
				<caller organisation="com.jsuereth" name="sbt-ghpages-plugin" conf="compile" rev="0.4.0" rev-constraint-default="0.4.0" rev-constraint-dynamic="0.4.0" callerrev="0.4.0" extra-sbtVersion="0.12" extra-scalaVersion="2.9.2"/>
				<caller organisation="plugins" name="plugins" conf="test, compile, runtime" rev="0.4.0" rev-constraint-default="0.4.0" rev-constraint-dynamic="0.4.0" callerrev="0.1-SNAPSHOT" extra-sbtVersion="0.12" extra-scalaVersion="2.9.2"/>
				<artifacts>
					<artifact name="sbt-site-plugin" type="jar" ext="jar" status="no" details="" size="49061" time="0" location="/Users/etorreborre/.ivy2/cache/scala_2.9.2/sbt_0.12/com.jsuereth/sbt-site-plugin/jars/sbt-site-plugin-0.4.0.jar">
						<origin-location is-local="false" location="http://scalasbt.artifactoryonline.com/scalasbt/sbt-plugin-releases/com.jsuereth/sbt-site-plugin/scala_2.9.2/sbt_0.12/0.4.0/jars/sbt-site-plugin.jar"/>
					</artifact>
				</artifacts>
			</revision>
		</module>
		<module organisation="com.jsuereth" name="sbt-git-plugin">
			<revision name="0.4" status="release" pubdate="20120607075848" resolver="sbt-plugin-releases" artresolver="sbt-plugin-releases" extra-sbtVersion="0.12" extra-scalaVersion="2.9.2" downloaded="false" searched="false" default="false" conf="default(compile), compile" position="1">
				<metadata-artifact status="no" details="" size="1940" time="0" location="/Users/etorreborre/.ivy2/cache/scala_2.9.2/sbt_0.12/com.jsuereth/sbt-git-plugin/ivy-0.4.xml" searched="false" origin-is-local="false" origin-location="http://scalasbt.artifactoryonline.com/scalasbt/sbt-plugin-releases/com.jsuereth/sbt-git-plugin/scala_2.9.2/sbt_0.12/0.4/ivys/ivy.xml"/>
				<caller organisation="com.jsuereth" name="sbt-ghpages-plugin" conf="compile" rev="0.4" rev-constraint-default="0.4" rev-constraint-dynamic="0.4" callerrev="0.4.0" extra-sbtVersion="0.12" extra-scalaVersion="2.9.2"/>
				<artifacts>
					<artifact name="sbt-git-plugin" type="jar" ext="jar" status="no" details="" size="26739" time="0" location="/Users/etorreborre/.ivy2/cache/scala_2.9.2/sbt_0.12/com.jsuereth/sbt-git-plugin/jars/sbt-git-plugin-0.4.jar">
						<origin-location is-local="false" location="http://scalasbt.artifactoryonline.com/scalasbt/sbt-plugin-releases/com.jsuereth/sbt-git-plugin/scala_2.9.2/sbt_0.12/0.4/jars/sbt-git-plugin.jar"/>
					</artifact>
				</artifacts>
			</revision>
		</module>
		<module organisation="org.eclipse.jgit" name="org.eclipse.jgit.pgm">
			<revision name="1.1.0.201109151100-r" status="release" pubdate="20110922191034" resolver="sbt-chain" artresolver="sbt-chain" homepage="" downloaded="false" searched="false" default="false" conf="default(compile), default, compile, runtime, master" position="2">
				<metadata-artifact status="no" details="" size="5824" time="0" location="/Users/etorreborre/.ivy2/cache/org.eclipse.jgit/org.eclipse.jgit.pgm/ivy-1.1.0.201109151100-r.xml" searched="false" origin-is-local="false" origin-location="http://download.eclipse.org/jgit/maven/org/eclipse/jgit/org.eclipse.jgit.pgm/1.1.0.201109151100-r/org.eclipse.jgit.pgm-1.1.0.201109151100-r.pom"/>
				<caller organisation="com.jsuereth" name="sbt-git-plugin" conf="compile" rev="1.1.0.201109151100-r" rev-constraint-default="1.1.0.201109151100-r" rev-constraint-dynamic="1.1.0.201109151100-r" callerrev="0.4"/>
				<artifacts>
					<artifact name="org.eclipse.jgit.pgm" type="jar" ext="jar" status="no" details="" size="159798" time="0" location="/Users/etorreborre/.ivy2/cache/org.eclipse.jgit/org.eclipse.jgit.pgm/jars/org.eclipse.jgit.pgm-1.1.0.201109151100-r.jar">
						<origin-location is-local="false" location="http://download.eclipse.org/jgit/maven/org/eclipse/jgit/org.eclipse.jgit.pgm/1.1.0.201109151100-r/org.eclipse.jgit.pgm-1.1.0.201109151100-r.jar"/>
					</artifact>
				</artifacts>
			</revision>
		</module>
		<module organisation="org.eclipse.jgit" name="org.eclipse.jgit.ui">
			<revision name="1.1.0.201109151100-r" status="release" pubdate="20110922191034" resolver="sbt-chain" artresolver="sbt-chain" homepage="" downloaded="false" searched="false" default="false" conf="compile, master(*), runtime, compile(*), runtime(*), master" position="7">
				<metadata-artifact status="no" details="" size="5213" time="0" location="/Users/etorreborre/.ivy2/cache/org.eclipse.jgit/org.eclipse.jgit.ui/ivy-1.1.0.201109151100-r.xml" searched="false" origin-is-local="false" origin-location="http://download.eclipse.org/jgit/maven/org/eclipse/jgit/org.eclipse.jgit.ui/1.1.0.201109151100-r/org.eclipse.jgit.ui-1.1.0.201109151100-r.pom"/>
				<caller organisation="org.eclipse.jgit" name="org.eclipse.jgit.pgm" conf="default, compile, runtime, master" rev="1.1.0.201109151100-r" rev-constraint-default="1.1.0.201109151100-r" rev-constraint-dynamic="1.1.0.201109151100-r" callerrev="1.1.0.201109151100-r"/>
				<artifacts>
					<artifact name="org.eclipse.jgit.ui" type="jar" ext="jar" status="no" details="" size="20876" time="0" location="/Users/etorreborre/.ivy2/cache/org.eclipse.jgit/org.eclipse.jgit.ui/jars/org.eclipse.jgit.ui-1.1.0.201109151100-r.jar">
						<origin-location is-local="false" location="http://download.eclipse.org/jgit/maven/org/eclipse/jgit/org.eclipse.jgit.ui/1.1.0.201109151100-r/org.eclipse.jgit.ui-1.1.0.201109151100-r.jar"/>
					</artifact>
				</artifacts>
			</revision>
		</module>
		<module organisation="org.eclipse.jgit" name="org.eclipse.jgit.iplog">
			<revision name="1.1.0.201109151100-r" status="release" pubdate="20110922191034" resolver="sbt-chain" artresolver="sbt-chain" homepage="" downloaded="false" searched="false" default="false" conf="compile, master(*), runtime, compile(*), runtime(*), master" position="6">
				<metadata-artifact status="no" details="" size="5242" time="0" location="/Users/etorreborre/.ivy2/cache/org.eclipse.jgit/org.eclipse.jgit.iplog/ivy-1.1.0.201109151100-r.xml" searched="false" origin-is-local="false" origin-location="http://download.eclipse.org/jgit/maven/org/eclipse/jgit/org.eclipse.jgit.iplog/1.1.0.201109151100-r/org.eclipse.jgit.iplog-1.1.0.201109151100-r.pom"/>
				<caller organisation="org.eclipse.jgit" name="org.eclipse.jgit.pgm" conf="default, compile, runtime, master" rev="1.1.0.201109151100-r" rev-constraint-default="1.1.0.201109151100-r" rev-constraint-dynamic="1.1.0.201109151100-r" callerrev="1.1.0.201109151100-r"/>
				<artifacts>
					<artifact name="org.eclipse.jgit.iplog" type="jar" ext="jar" status="no" details="" size="40107" time="0" location="/Users/etorreborre/.ivy2/cache/org.eclipse.jgit/org.eclipse.jgit.iplog/jars/org.eclipse.jgit.iplog-1.1.0.201109151100-r.jar">
						<origin-location is-local="false" location="http://download.eclipse.org/jgit/maven/org/eclipse/jgit/org.eclipse.jgit.iplog/1.1.0.201109151100-r/org.eclipse.jgit.iplog-1.1.0.201109151100-r.jar"/>
					</artifact>
				</artifacts>
			</revision>
		</module>
		<module organisation="org.eclipse.jgit" name="org.eclipse.jgit">
			<revision name="1.1.0.201109151100-r" status="release" pubdate="20110922191035" resolver="sbt-chain" artresolver="sbt-chain" homepage="" downloaded="false" searched="false" default="false" conf="compile, master(*), runtime, compile(*), runtime(*), master" position="4">
				<metadata-artifact status="no" details="" size="5429" time="0" location="/Users/etorreborre/.ivy2/cache/org.eclipse.jgit/org.eclipse.jgit/ivy-1.1.0.201109151100-r.xml" searched="false" origin-is-local="false" origin-location="http://download.eclipse.org/jgit/maven/org/eclipse/jgit/org.eclipse.jgit/1.1.0.201109151100-r/org.eclipse.jgit-1.1.0.201109151100-r.pom"/>
				<caller organisation="org.eclipse.jgit" name="org.eclipse.jgit.ui" conf="compile, runtime" rev="1.1.0.201109151100-r" rev-constraint-default="1.1.0.201109151100-r" rev-constraint-dynamic="1.1.0.201109151100-r" callerrev="1.1.0.201109151100-r"/>
				<caller organisation="org.eclipse.jgit" name="org.eclipse.jgit.iplog" conf="compile, runtime" rev="1.1.0.201109151100-r" rev-constraint-default="1.1.0.201109151100-r" rev-constraint-dynamic="1.1.0.201109151100-r" callerrev="1.1.0.201109151100-r"/>
				<caller organisation="org.eclipse.jgit" name="org.eclipse.jgit.pgm" conf="default, compile, runtime, master" rev="1.1.0.201109151100-r" rev-constraint-default="1.1.0.201109151100-r" rev-constraint-dynamic="1.1.0.201109151100-r" callerrev="1.1.0.201109151100-r"/>
				<artifacts>
					<artifact name="org.eclipse.jgit" type="jar" ext="jar" status="no" details="" size="1379238" time="0" location="/Users/etorreborre/.ivy2/cache/org.eclipse.jgit/org.eclipse.jgit/jars/org.eclipse.jgit-1.1.0.201109151100-r.jar">
						<origin-location is-local="false" location="http://download.eclipse.org/jgit/maven/org/eclipse/jgit/org.eclipse.jgit/1.1.0.201109151100-r/org.eclipse.jgit-1.1.0.201109151100-r.jar"/>
					</artifact>
				</artifacts>
			</revision>
		</module>
		<module organisation="com.jcraft" name="jsch">
			<revision name="0.1.44-1" status="release" pubdate="20110218174929" resolver="sbt-chain" artresolver="sbt-chain" homepage="http://www.jcraft.com/jsch/" downloaded="false" searched="false" default="false" conf="compile, master(*), runtime, compile(*), runtime(*), master" position="5">
				<license name="Revised BSD" url="http://www.jcraft.com/jsch/LICENSE.txt"/>
				<metadata-artifact status="no" details="" size="3205" time="0" location="/Users/etorreborre/.ivy2/cache/com.jcraft/jsch/ivy-0.1.44-1.xml" searched="false" origin-is-local="false" origin-location="https://oss.sonatype.org/content/repositories/releases/com/jcraft/jsch/0.1.44-1/jsch-0.1.44-1.pom"/>
				<caller organisation="org.eclipse.jgit" name="org.eclipse.jgit" conf="compile, runtime" rev="0.1.44-1" rev-constraint-default="0.1.44-1" rev-constraint-dynamic="0.1.44-1" callerrev="1.1.0.201109151100-r"/>
				<artifacts>
					<artifact name="jsch" type="jar" ext="jar" status="no" details="" size="213781" time="0" location="/Users/etorreborre/.ivy2/cache/com.jcraft/jsch/jars/jsch-0.1.44-1.jar">
						<origin-location is-local="false" location="https://oss.sonatype.org/content/repositories/releases/com/jcraft/jsch/0.1.44-1/jsch-0.1.44-1.jar"/>
					</artifact>
				</artifacts>
			</revision>
		</module>
		<module organisation="args4j" name="args4j">
			<revision name="2.0.12" status="release" pubdate="20090407045906" resolver="public" artresolver="public" homepage="" downloaded="false" searched="false" default="false" conf="compile, master(*), runtime, compile(*), runtime(*), master" position="3">
				<metadata-artifact status="no" details="" size="2418" time="0" location="/Users/etorreborre/.ivy2/cache/args4j/args4j/ivy-2.0.12.xml" searched="false" origin-is-local="false" origin-location="http://repo1.maven.org/maven2/args4j/args4j/2.0.12/args4j-2.0.12.pom"/>
				<caller organisation="org.eclipse.jgit" name="org.eclipse.jgit.pgm" conf="default, compile, runtime, master" rev="2.0.12" rev-constraint-default="2.0.12" rev-constraint-dynamic="2.0.12" callerrev="1.1.0.201109151100-r"/>
				<artifacts>
					<artifact name="args4j" type="jar" ext="jar" status="no" details="" size="45772" time="0" location="/Users/etorreborre/.ivy2/cache/args4j/args4j/jars/args4j-2.0.12.jar">
						<origin-location is-local="false" location="http://repo1.maven.org/maven2/args4j/args4j/2.0.12/args4j-2.0.12.jar"/>
					</artifact>
				</artifacts>
			</revision>
		</module>
		<module organisation="org.scala-lang" name="scala-library">
			<revision name="2.9.2" status="release" pubdate="20120413222921" resolver="sbt-chain" artresolver="sbt-chain" homepage="http://www.scala-lang.org/" downloaded="false" searched="false" default="false" conf="compile, master(*), runtime, compile(*), runtime(*), master" position="11">
				<license name="BSD-like" url="http://www.scala-lang.org/downloads/license.html          "/>
				<metadata-artifact status="no" details="" size="2586" time="0" location="/Users/etorreborre/.ivy2/cache/org.scala-lang/scala-library/ivy-2.9.2.xml" searched="false" origin-is-local="false" origin-location="http://repo1.maven.org/maven2/org/scala-lang/scala-library/2.9.2/scala-library-2.9.2.pom"/>
				<caller organisation="net.liftweb" name="lift-json_2.9.1" conf="default, compile, runtime, master" rev="2.9.2" rev-constraint-default="2.9.2" rev-constraint-dynamic="2.9.1" callerrev="2.4"/>
				<caller organisation="net.databinder" name="dispatch-core_2.9.2" conf="compile, runtime" rev="2.9.2" rev-constraint-default="2.9.2" rev-constraint-dynamic="2.9.2" callerrev="0.8.8"/>
				<caller organisation="net.databinder" name="dispatch-futures_2.9.1" conf="compile, runtime" rev="2.9.2" rev-constraint-default="2.9.2" rev-constraint-dynamic="2.9.1" callerrev="0.8.6"/>
				<caller organisation="com.jsuereth" name="gpg-library_2.9.2" conf="default, compile, runtime, master" rev="2.9.2" rev-constraint-default="2.9.2" rev-constraint-dynamic="2.9.2" callerrev="0.6"/>
				<caller organisation="me.lessis" name="ls_2.9.2" conf="default, compile, runtime, master" rev="2.9.2" rev-constraint-default="2.9.2" rev-constraint-dynamic="2.9.2" callerrev="0.1.2"/>
				<caller organisation="org.scala-lang" name="scala-compiler" conf="compile, runtime" rev="2.9.2" rev-constraint-default="2.9.2" rev-constraint-dynamic="2.9.2" callerrev="2.9.2"/>
				<caller organisation="net.databinder" name="dispatch-futures_2.9.2" conf="compile, runtime" rev="2.9.2" rev-constraint-default="2.9.2" rev-constraint-dynamic="2.9.2" callerrev="0.8.8"/>
				<caller organisation="net.databinder" name="dispatch-core_2.9.1" conf="compile, runtime" rev="2.9.2" rev-constraint-default="2.9.2" rev-constraint-dynamic="2.9.1" callerrev="0.8.6"/>
				<caller organisation="net.databinder" name="dispatch-http_2.9.1" conf="compile, runtime" rev="2.9.2" rev-constraint-default="2.9.2" rev-constraint-dynamic="2.9.1" callerrev="0.8.6"/>
				<caller organisation="me.lessis" name="pj_2.9.2" conf="default, compile, runtime, master" rev="2.9.2" rev-constraint-default="2.9.2" rev-constraint-dynamic="2.9.2" callerrev="0.1.0"/>
				<caller organisation="net.databinder" name="dispatch-http_2.9.2" conf="compile, runtime" rev="2.9.2" rev-constraint-default="2.9.2" rev-constraint-dynamic="2.9.2" callerrev="0.8.8"/>
				<artifacts>
				</artifacts>
			</revision>
		</module>
	</dependencies>
</ivy-report>
